\BOOKMARK [0][-]{section*.1}{\376\377\000A\000b\000s\000t\000r\000a\000c\000t}{}% 1
\BOOKMARK [0][-]{section*.2}{\376\377\000Z\000u\000s\000a\000m\000m\000e\000n\000f\000a\000s\000s\000u\000n\000g}{}% 2
\BOOKMARK [0][-]{section*.3}{\376\377\000A\000c\000k\000n\000o\000w\000l\000e\000d\000g\000e\000m\000e\000n\000t\000s}{}% 3
\BOOKMARK [0][-]{chapter*.4}{\376\377\000C\000o\000n\000t\000e\000n\000t\000s}{}% 4
\BOOKMARK [0][-]{chapter.9}{\376\377\000I\000n\000t\000r\000o\000d\000u\000c\000t\000i\000o\000n}{}% 5
\BOOKMARK [1][-]{section.10}{\376\377\000E\000n\000d\000o\000c\000y\000t\000o\000s\000i\000s\000\040\000a\000n\000d\000\040\000c\000e\000l\000l\000\040\000t\000r\000a\000f\000f\000i\000c\000k\000i\000n\000g\000\040\000p\000a\000t\000h\000w\000a\000y\000s}{chapter.9}% 6
\BOOKMARK [1][-]{section.11}{\376\377\000C\000l\000a\000t\000h\000r\000i\000n\000-\000m\000e\000d\000i\000a\000t\000e\000d\000\040\000e\000n\000d\000o\000c\000y\000t\000o\000s\000i\000s}{chapter.9}% 7
\BOOKMARK [1][-]{section.12}{\376\377\000C\000M\000E\000\040\000i\000n\000\040\000m\000a\000m\000m\000a\000l\000i\000a\000n\000\040\000a\000n\000d\000\040\000y\000e\000a\000s\000t\000\040\000c\000e\000l\000l\000s\000\040}{chapter.9}% 8
\BOOKMARK [2][-]{subsection.13}{\376\377\000C\000l\000a\000t\000h\000r\000i\000n\000\040\000i\000s\000\040\000r\000e\000q\000u\000i\000r\000e\000d\000\040\000f\000o\000r\000\040\000m\000a\000m\000m\000a\000l\000i\000a\000n\000\040\000C\000M\000E}{section.12}% 9
\BOOKMARK [2][-]{subsection.14}{\376\377\000A\000c\000t\000i\000n\000\040\000f\000o\000r\000c\000e\000s\000\040\000a\000r\000e\000\040\000r\000e\000q\000u\000i\000r\000e\000d\000\040\000f\000o\000r\000\040\000y\000e\000a\000s\000t\000\040\000C\000M\000E}{section.12}% 10
\BOOKMARK [2][-]{subsection.15}{\376\377\000C\000M\000E\000\040\000i\000n\000\040\000y\000e\000a\000s\000t\000\040\000i\000s\000\040\000h\000i\000g\000h\000l\000y\000\040\000r\000e\000g\000u\000l\000a\000r}{section.12}% 11
\BOOKMARK [3][-]{subsubsection.16}{\376\377\000E\000a\000r\000l\000y\000\040\000i\000n\000i\000t\000i\000a\000t\000i\000o\000n\000\040\000p\000h\000a\000s\000e}{subsection.15}% 12
\BOOKMARK [3][-]{subsubsection.17}{\376\377\000C\000o\000a\000t\000\040\000m\000o\000d\000u\000l\000e}{subsection.15}% 13
\BOOKMARK [3][-]{subsubsection.18}{\376\377\000A\000c\000t\000i\000n\000\040\000m\000o\000d\000u\000l\000e}{subsection.15}% 14
\BOOKMARK [3][-]{subsubsection.19}{\376\377\000S\000c\000i\000s\000s\000i\000o\000n\000\040\000m\000o\000d\000u\000l\000e}{subsection.15}% 15
\BOOKMARK [2][-]{subsection.20}{\376\377\000M\000e\000m\000b\000r\000a\000n\000e\000\040\000s\000c\000i\000s\000s\000i\000o\000n\000\040\000i\000n\000\040\000m\000a\000m\000m\000a\000l\000i\000a\000n\000\040\000c\000e\000l\000l\000s}{section.12}% 16
\BOOKMARK [3][-]{subsubsection.21}{\376\377\000S\000c\000i\000s\000s\000i\000o\000n\000\040\000i\000s\000\040\000d\000e\000p\000e\000n\000d\000e\000n\000t\000\040\000o\000n\000\040\000d\000y\000n\000a\000m\000i\000n}{subsection.20}% 17
\BOOKMARK [3][-]{subsubsection.22}{\376\377\000D\000y\000n\000a\000m\000i\000n\000\040\000i\000s\000\040\000a\000n\000\040\000o\000l\000i\000g\000o\000m\000e\000r\000i\000c\000\040\000G\000T\000P\000a\000s\000e}{subsection.20}% 18
\BOOKMARK [3][-]{subsubsection.23}{\376\377\000D\000y\000n\000a\000m\000i\000n\000\040\000i\000n\000t\000e\000r\000a\000c\000t\000s\000\040\000w\000i\000t\000h\000\040\000B\000A\000R\000\040\000p\000r\000o\000t\000e\000i\000n\000s\000\040\000t\000o\000\040\000c\000a\000u\000s\000e\000\040\000s\000c\000i\000s\000s\000i\000o\000n}{subsection.20}% 19
\BOOKMARK [3][-]{subsubsection.24}{\376\377\000D\000y\000n\000a\000m\000i\000n\000\040\000a\000n\000d\000\040\000B\000A\000R\000\040\000p\000r\000o\000t\000e\000i\000n\000s\000\040\000i\000n\000t\000e\000r\000a\000c\000t\000\040\000v\000i\000a\000\040\000P\000R\000D\000\040\000a\000n\000d\000\040\000S\000H\0003\000\040\000r\000e\000g\000i\000o\000n\000s\000\040}{subsection.20}% 20
\BOOKMARK [2][-]{subsection.25}{\376\377\000M\000e\000m\000b\000r\000a\000n\000e\000\040\000s\000c\000i\000s\000s\000i\000o\000n\000\040\000i\000n\000\040\000y\000e\000a\000s\000t}{section.12}% 21
\BOOKMARK [3][-]{subsubsection.26}{\376\377\000Y\000e\000a\000s\000t\000\040\000d\000y\000n\000a\000m\000i\000n\000-\000l\000i\000k\000e\000\040\000p\000r\000o\000t\000e\000i\000n\000s}{subsection.25}% 22
\BOOKMARK [3][-]{subsubsection.27}{\376\377\000Y\000e\000a\000s\000t\000\040\000B\000A\000R\000\040\000d\000o\000m\000a\000i\000n\000\040\000p\000r\000o\000t\000e\000i\000n\000s\000\040\000R\000v\000s\0001\0006\0001\000/\0001\0006\0007\000\040\000r\000e\000g\000u\000l\000a\000t\000e\000\040\000s\000c\000i\000s\000s\000i\000o\000n\000\040\000t\000i\000m\000i\000n\000g}{subsection.25}% 23
\BOOKMARK [3][-]{subsubsection.28}{\376\377\000W\000h\000a\000t\000\040\000c\000a\000u\000s\000e\000s\000\040\000s\000c\000i\000s\000s\000i\000o\000n\000?}{subsection.25}% 24
\BOOKMARK [1][-]{section.29}{\376\377\000B\000A\000R\000\040\000d\000o\000m\000a\000i\000n\000\040\000p\000r\000o\000t\000e\000i\000n\000s}{chapter.9}% 25
\BOOKMARK [2][-]{subsection.30}{\376\377\000N\000B\000A\000R\000\040\000p\000r\000o\000t\000e\000i\000n\000s\000\040\000a\000n\000d\000\040\000m\000e\000m\000b\000r\000a\000n\000e\000\040\000s\000h\000a\000p\000e\000s}{section.29}% 26
\BOOKMARK [2][-]{subsection.31}{\376\377\000N\000B\000A\000R\000\040\000p\000r\000o\000t\000e\000i\000n\000\040\000i\000n\000\040\000e\000n\000d\000o\000c\000y\000t\000o\000s\000i\000s\000:\000\040\000A\000m\000p\000h\000i\000p\000h\000y\000s\000i\000n\000\040}{section.29}% 27
\BOOKMARK [2][-]{subsection.32}{\376\377\000N\000B\000A\000R\000\040\000p\000r\000o\000t\000e\000i\000n\000\040\000i\000n\000\040\000e\000n\000d\000o\000c\000y\000t\000o\000s\000i\000s\000:\000\040\000E\000n\000d\000o\000p\000h\000i\000l\000i\000n\000\040}{section.29}% 28
\BOOKMARK [2][-]{subsection.33}{\376\377\000N\000B\000A\000R\000\040\000p\000r\000o\000t\000e\000i\000n\000\040\000i\000n\000\040\000y\000e\000a\000s\000t\000\040\000e\000n\000d\000o\000c\000y\000t\000o\000s\000i\000s\000:\000\040\000t\000h\000e\000\040\000R\000v\000s\000\040\000c\000o\000m\000p\000l\000e\000x}{section.29}% 29
\BOOKMARK [0][-]{chapter.34}{\376\377\000A\000i\000m\000s\000\040\000o\000f\000\040\000t\000h\000e\000\040\000s\000t\000u\000d\000y}{}% 30
\BOOKMARK [0][-]{chapter.35}{\376\377\000R\000e\000s\000u\000l\000t\000s}{}% 31
\BOOKMARK [1][-]{section.36}{\376\377\000R\000e\000c\000r\000u\000i\000t\000m\000e\000n\000t\000\040\000o\000f\000\040\000R\000v\000s\000\040\000t\000o\000\040\000e\000n\000d\000o\000c\000y\000t\000i\000c\000\040\000s\000i\000t\000e\000s}{chapter.35}% 32
\BOOKMARK [2][-]{subsection.38}{\376\377\000B\000A\000R\000\040\000d\000o\000m\000a\000i\000n\000\040\000s\000e\000n\000s\000e\000s\000\040\000m\000e\000m\000b\000r\000a\000n\000e\000\040\000c\000u\000r\000v\000a\000t\000u\000r\000e\000\040\000i\000n\000-\000v\000i\000v\000o}{section.36}% 33
\BOOKMARK [2][-]{subsection.39}{\376\377\000S\000H\0003\000\040\000d\000o\000m\000a\000i\000n\000\040\000i\000s\000\040\000a\000b\000l\000e\000\040\000t\000o\000\040\000r\000e\000c\000r\000u\000i\000t\000\040\000R\000v\000s\000\040\000i\000n\000\040\000a\000n\000\040\000a\000c\000t\000i\000n\000-\000i\000n\000d\000e\000p\000e\000n\000d\000e\000n\000t\000\040\000\040\000\040\000m\000a\000n\000n\000e\000r}{section.36}% 34
\BOOKMARK [2][-]{subsection.41}{\376\377\000W\000h\000a\000t\000\040\000d\000o\000e\000s\000\040\000t\000h\000e\000\040\000S\000H\0003\000\040\000d\000o\000m\000a\000i\000n\000\040\000i\000n\000t\000e\000r\000a\000c\000t\000\040\000w\000i\000t\000h\000?}{section.36}% 35
\BOOKMARK [3][-]{subsubsection.42}{\376\377\000V\000r\000p\0001}{subsection.41}% 36
\BOOKMARK [3][-]{subsubsection.43}{\376\377\000T\000y\000p\000e\000\040\0001\000\040\000m\000y\000o\000s\000i\000n\000s}{subsection.41}% 37
\BOOKMARK [3][-]{subsubsection.44}{\376\377\000L\000a\000s\0001\0007}{subsection.41}% 38
\BOOKMARK [2][-]{subsection.45}{\376\377\000O\000t\000h\000e\000r\000\040\000p\000o\000t\000e\000n\000t\000i\000a\000l\000\040\000m\000e\000c\000h\000a\000n\000i\000s\000m\000s\000\040\000o\000f\000\040\000a\000s\000s\000e\000m\000b\000l\000y\000/\000\040\000d\000i\000s\000a\000s\000s\000e\000m\000b\000l\000y\000\040\000o\000f\000\040\000R\000v\000s}{section.36}% 39
\BOOKMARK [3][-]{subsubsection.46}{\376\377\000I\000n\000t\000e\000r\000a\000c\000t\000i\000o\000n\000\040\000w\000i\000t\000h\000\040\000C\000a\000l\000m\000o\000d\000u\000l\000i\000n}{subsection.45}% 40
\BOOKMARK [3][-]{subsubsection.47}{\376\377\000F\000B\000A\000R\000\040\000p\000r\000o\000t\000e\000i\000n\000\040\000B\000z\000z\0001}{subsection.45}% 41
\BOOKMARK [1][-]{section.48}{\376\377\000R\000o\000l\000e\000\040\000o\000f\000\040\000t\000h\000e\000\040\000S\000H\0003\000\040\000d\000o\000m\000a\000i\000n}{chapter.35}% 42
\BOOKMARK [1][-]{section.49}{\376\377\000R\000o\000l\000e\000\040\000o\000f\000\040\000t\000h\000e\000\040\000N\000-\000h\000e\000l\000i\000x}{chapter.35}% 43
\BOOKMARK [1][-]{section.50}{\376\377\000S\000c\000i\000s\000s\000i\000o\000n\000\040\000m\000e\000c\000h\000a\000n\000i\000s\000m\000s}{chapter.35}% 44
\BOOKMARK [2][-]{subsection.51}{\376\377\000M\000e\000m\000b\000r\000a\000n\000e\000\040\000s\000c\000i\000s\000s\000i\000o\000n\000\040\000i\000s\000\040\000n\000o\000t\000\040\000d\000e\000p\000e\000n\000d\000e\000n\000t\000\040\000o\000n\000\040\000V\000p\000s\0001}{section.50}% 45
\BOOKMARK [2][-]{subsection.53}{\376\377\000L\000i\000p\000i\000d\000\040\000h\000y\000d\000r\000o\000l\000y\000s\000i\000s\000\040\000a\000n\000d\000\040\000m\000e\000m\000b\000r\000a\000n\000e\000\040\000s\000c\000i\000s\000s\000i\000o\000n}{section.50}% 46
\BOOKMARK [2][-]{subsection.56}{\376\377\000P\000r\000o\000t\000e\000i\000n\000\040\000f\000r\000i\000c\000t\000i\000o\000n\000\040\000d\000o\000e\000s\000\040\000n\000o\000t\000\040\000i\000n\000d\000u\000c\000e\000\040\000m\000e\000m\000b\000r\000a\000n\000e\000\040\000s\000c\000i\000s\000s\000i\000o\000n\000\040}{section.50}% 47
\BOOKMARK [2][-]{subsection.58}{\376\377\000S\000c\000i\000s\000s\000i\000o\000n\000\040\000t\000i\000m\000i\000n\000g\000\040\000i\000s\000\040\000d\000e\000t\000e\000r\000m\000i\000n\000e\000d\000\040\000b\000y\000\040\000a\000c\000t\000i\000n\000\040\000f\000o\000r\000c\000e\000s\000,\000\040\000\040\000\040\000B\000A\000R\000\040\000d\000o\000m\000a\000i\000n\000s\000\040\000p\000r\000e\000v\000e\000n\000t\000\040\000s\000c\000i\000s\000s\000i\000o\000n}{section.50}% 48
